Start testing: Nov 21 17:14 EST
----------------------------------------------------------
1/5 Testing: TutorialRuns
1/5 Test: TutorialRuns
Command: "/Users/due/cmake_tutorial/install_and_test2/Tutorial" "25"
Directory: /Users/due/cmake_tutorial/install_and_test2
"TutorialRuns" start time: Nov 21 17:14 EST
Output:
----------------------------------------------------------
The square root of 25 is 5
<end of output>
Test time =   0.00 sec
----------------------------------------------------------
Test Passed.
"TutorialRuns" end time: Nov 21 17:14 EST
"TutorialRuns" time elapsed: 00:00:00
----------------------------------------------------------

2/5 Testing: TutorialComp25
2/5 Test: TutorialComp25
Command: "/Users/due/cmake_tutorial/install_and_test2/Tutorial" "25"
Directory: /Users/due/cmake_tutorial/install_and_test2
"TutorialComp25" start time: Nov 21 17:14 EST
Output:
----------------------------------------------------------
The square root of 25 is 5
<end of output>
Test time =   0.00 sec
----------------------------------------------------------
Test Pass Reason:
Required regular expression found.Regex=[25 is 5
]
"TutorialComp25" end time: Nov 21 17:14 EST
"TutorialComp25" time elapsed: 00:00:00
----------------------------------------------------------

3/5 Testing: TutorialNegative
3/5 Test: TutorialNegative
Command: "/Users/due/cmake_tutorial/install_and_test2/Tutorial" "-25"
Directory: /Users/due/cmake_tutorial/install_and_test2
"TutorialNegative" start time: Nov 21 17:14 EST
Output:
----------------------------------------------------------
The square root of -25 is nan
<end of output>
Test time =   0.00 sec
----------------------------------------------------------
Test Pass Reason:
Required regular expression found.Regex=[-25 is nan
]
"TutorialNegative" end time: Nov 21 17:14 EST
"TutorialNegative" time elapsed: 00:00:00
----------------------------------------------------------

4/5 Testing: TutorialSmall
4/5 Test: TutorialSmall
Command: "/Users/due/cmake_tutorial/install_and_test2/Tutorial" "0.0001"
Directory: /Users/due/cmake_tutorial/install_and_test2
"TutorialSmall" start time: Nov 21 17:14 EST
Output:
----------------------------------------------------------
The square root of 0.0001 is 0.01
<end of output>
Test time =   0.00 sec
----------------------------------------------------------
Test Pass Reason:
Required regular expression found.Regex=[0.0001 is 0.01
]
"TutorialSmall" end time: Nov 21 17:14 EST
"TutorialSmall" time elapsed: 00:00:00
----------------------------------------------------------

5/5 Testing: TutorialUsage
5/5 Test: TutorialUsage
Command: "/Users/due/cmake_tutorial/install_and_test2/Tutorial"
Directory: /Users/due/cmake_tutorial/install_and_test2
"TutorialUsage" start time: Nov 21 17:14 EST
Output:
----------------------------------------------------------
/Users/due/cmake_tutorial/install_and_test2/Tutorial Version 1.0
Usage: /Users/due/cmake_tutorial/install_and_test2/Tutorial number
<end of output>
Test time =   0.00 sec
----------------------------------------------------------
Test Pass Reason:
Required regular expression found.Regex=[Usage:.*number
]
"TutorialUsage" end time: Nov 21 17:14 EST
"TutorialUsage" time elapsed: 00:00:00
----------------------------------------------------------

End testing: Nov 21 17:14 EST
